running egg_info
creating ../build/vn100_reader/vn100_reader.egg-info
writing ../build/vn100_reader/vn100_reader.egg-info/PKG-INFO
writing dependency_links to ../build/vn100_reader/vn100_reader.egg-info/dependency_links.txt
writing entry points to ../build/vn100_reader/vn100_reader.egg-info/entry_points.txt
writing requirements to ../build/vn100_reader/vn100_reader.egg-info/requires.txt
writing top-level names to ../build/vn100_reader/vn100_reader.egg-info/top_level.txt
writing manifest file '../build/vn100_reader/vn100_reader.egg-info/SOURCES.txt'
reading manifest file '../build/vn100_reader/vn100_reader.egg-info/SOURCES.txt'
adding license file 'LICENSE'
writing manifest file '../build/vn100_reader/vn100_reader.egg-info/SOURCES.txt'
running build
running build_py
creating /home/suyash/vn100_reader/build/vn100_reader/build
creating /home/suyash/vn100_reader/build/vn100_reader/build/lib
creating /home/suyash/vn100_reader/build/vn100_reader/build/lib/vn100_reader
copying vn100_reader/vn100_parser.py -> /home/suyash/vn100_reader/build/vn100_reader/build/lib/vn100_reader
copying vn100_reader/__init__.py -> /home/suyash/vn100_reader/build/vn100_reader/build/lib/vn100_reader
running install
running install_lib
creating /home/suyash/vn100_reader/install/vn100_reader/lib/python3.10/site-packages/vn100_reader
copying /home/suyash/vn100_reader/build/vn100_reader/build/lib/vn100_reader/vn100_parser.py -> /home/suyash/vn100_reader/install/vn100_reader/lib/python3.10/site-packages/vn100_reader
copying /home/suyash/vn100_reader/build/vn100_reader/build/lib/vn100_reader/__init__.py -> /home/suyash/vn100_reader/install/vn100_reader/lib/python3.10/site-packages/vn100_reader
byte-compiling /home/suyash/vn100_reader/install/vn100_reader/lib/python3.10/site-packages/vn100_reader/vn100_parser.py to vn100_parser.cpython-310.pyc
byte-compiling /home/suyash/vn100_reader/install/vn100_reader/lib/python3.10/site-packages/vn100_reader/__init__.py to __init__.cpython-310.pyc
running install_data
creating /home/suyash/vn100_reader/install/vn100_reader/share/ament_index
creating /home/suyash/vn100_reader/install/vn100_reader/share/ament_index/resource_index
creating /home/suyash/vn100_reader/install/vn100_reader/share/ament_index/resource_index/packages
copying resource/vn100_reader -> /home/suyash/vn100_reader/install/vn100_reader/share/ament_index/resource_index/packages
copying package.xml -> /home/suyash/vn100_reader/install/vn100_reader/share/vn100_reader
running install_egg_info
Copying ../build/vn100_reader/vn100_reader.egg-info to /home/suyash/vn100_reader/install/vn100_reader/lib/python3.10/site-packages/vn100_reader-0.0.1-py3.10.egg-info
running install_scripts
Installing vn100_ypr_node script to /home/suyash/vn100_reader/install/vn100_reader/lib/vn100_reader
writing list of installed files to '/home/suyash/vn100_reader/build/vn100_reader/install.log'
