[0.323s] Invoking command in '/home/suyash/vn100_reader/src': PYTHONPATH=/home/suyash/vn100_reader/build/vn100_reader/prefix_override:/usr/lib/python3/dist-packages/colcon_core/task/python/colcon_distutils_commands:/home/suyash/vn100_reader/install/vn100_reader/lib/python3.10/site-packages:${PYTHONPATH} /usr/bin/python3 -W ignore:setup.py install is deprecated -W ignore:easy_install command is deprecated setup.py egg_info --egg-base ../build/vn100_reader build --build-base /home/suyash/vn100_reader/build/vn100_reader/build install --record /home/suyash/vn100_reader/build/vn100_reader/install.log --single-version-externally-managed install_data
[0.454s] running egg_info
[0.455s] creating ../build/vn100_reader/vn100_reader.egg-info
[0.455s] writing ../build/vn100_reader/vn100_reader.egg-info/PKG-INFO
[0.455s] writing dependency_links to ../build/vn100_reader/vn100_reader.egg-info/dependency_links.txt
[0.455s] writing entry points to ../build/vn100_reader/vn100_reader.egg-info/entry_points.txt
[0.455s] writing requirements to ../build/vn100_reader/vn100_reader.egg-info/requires.txt
[0.455s] writing top-level names to ../build/vn100_reader/vn100_reader.egg-info/top_level.txt
[0.456s] writing manifest file '../build/vn100_reader/vn100_reader.egg-info/SOURCES.txt'
[0.457s] reading manifest file '../build/vn100_reader/vn100_reader.egg-info/SOURCES.txt'
[0.457s] adding license file 'LICENSE'
[0.457s] writing manifest file '../build/vn100_reader/vn100_reader.egg-info/SOURCES.txt'
[0.457s] running build
[0.458s] running build_py
[0.458s] creating /home/suyash/vn100_reader/build/vn100_reader/build
[0.458s] creating /home/suyash/vn100_reader/build/vn100_reader/build/lib
[0.458s] creating /home/suyash/vn100_reader/build/vn100_reader/build/lib/vn100_reader
[0.458s] copying vn100_reader/vn100_parser.py -> /home/suyash/vn100_reader/build/vn100_reader/build/lib/vn100_reader
[0.458s] copying vn100_reader/__init__.py -> /home/suyash/vn100_reader/build/vn100_reader/build/lib/vn100_reader
[0.458s] running install
[0.458s] running install_lib
[0.459s] creating /home/suyash/vn100_reader/install/vn100_reader/lib/python3.10/site-packages/vn100_reader
[0.459s] copying /home/suyash/vn100_reader/build/vn100_reader/build/lib/vn100_reader/vn100_parser.py -> /home/suyash/vn100_reader/install/vn100_reader/lib/python3.10/site-packages/vn100_reader
[0.459s] copying /home/suyash/vn100_reader/build/vn100_reader/build/lib/vn100_reader/__init__.py -> /home/suyash/vn100_reader/install/vn100_reader/lib/python3.10/site-packages/vn100_reader
[0.459s] byte-compiling /home/suyash/vn100_reader/install/vn100_reader/lib/python3.10/site-packages/vn100_reader/vn100_parser.py to vn100_parser.cpython-310.pyc
[0.460s] byte-compiling /home/suyash/vn100_reader/install/vn100_reader/lib/python3.10/site-packages/vn100_reader/__init__.py to __init__.cpython-310.pyc
[0.460s] running install_data
[0.460s] creating /home/suyash/vn100_reader/install/vn100_reader/share/ament_index
[0.460s] creating /home/suyash/vn100_reader/install/vn100_reader/share/ament_index/resource_index
[0.460s] creating /home/suyash/vn100_reader/install/vn100_reader/share/ament_index/resource_index/packages
[0.460s] copying resource/vn100_reader -> /home/suyash/vn100_reader/install/vn100_reader/share/ament_index/resource_index/packages
[0.460s] copying package.xml -> /home/suyash/vn100_reader/install/vn100_reader/share/vn100_reader
[0.460s] running install_egg_info
[0.461s] Copying ../build/vn100_reader/vn100_reader.egg-info to /home/suyash/vn100_reader/install/vn100_reader/lib/python3.10/site-packages/vn100_reader-0.0.1-py3.10.egg-info
[0.462s] running install_scripts
[0.477s] Installing vn100_ypr_node script to /home/suyash/vn100_reader/install/vn100_reader/lib/vn100_reader
[0.477s] writing list of installed files to '/home/suyash/vn100_reader/build/vn100_reader/install.log'
[0.496s] Invoked command in '/home/suyash/vn100_reader/src' returned '0': PYTHONPATH=/home/suyash/vn100_reader/build/vn100_reader/prefix_override:/usr/lib/python3/dist-packages/colcon_core/task/python/colcon_distutils_commands:/home/suyash/vn100_reader/install/vn100_reader/lib/python3.10/site-packages:${PYTHONPATH} /usr/bin/python3 -W ignore:setup.py install is deprecated -W ignore:easy_install command is deprecated setup.py egg_info --egg-base ../build/vn100_reader build --build-base /home/suyash/vn100_reader/build/vn100_reader/build install --record /home/suyash/vn100_reader/build/vn100_reader/install.log --single-version-externally-managed install_data
