[0.324s] Invoking command in '/home/suyash/vn100_reader/src': PYTHONPATH=/home/suyash/vn100_reader/build/vn100_reader/prefix_override:/usr/lib/python3/dist-packages/colcon_core/task/python/colcon_distutils_commands:/home/suyash/vn100_reader/install/vn100_reader/lib/python3.10/site-packages:${PYTHONPATH} /usr/bin/python3 -W ignore:setup.py install is deprecated -W ignore:easy_install command is deprecated setup.py egg_info --egg-base ../build/vn100_reader build --build-base /home/suyash/vn100_reader/build/vn100_reader/build install --record /home/suyash/vn100_reader/build/vn100_reader/install.log --single-version-externally-managed install_data
[0.450s] running egg_info
[0.450s] writing ../build/vn100_reader/vn100_reader.egg-info/PKG-INFO
[0.450s] writing dependency_links to ../build/vn100_reader/vn100_reader.egg-info/dependency_links.txt
[0.450s] writing entry points to ../build/vn100_reader/vn100_reader.egg-info/entry_points.txt
[0.450s] writing requirements to ../build/vn100_reader/vn100_reader.egg-info/requires.txt
[0.450s] writing top-level names to ../build/vn100_reader/vn100_reader.egg-info/top_level.txt
[0.451s] reading manifest file '../build/vn100_reader/vn100_reader.egg-info/SOURCES.txt'
[0.451s] adding license file 'LICENSE'
[0.452s] writing manifest file '../build/vn100_reader/vn100_reader.egg-info/SOURCES.txt'
[0.452s] running build
[0.452s] running build_py
[0.452s] running install
[0.452s] running install_lib
[0.453s] running install_data
[0.453s] running install_egg_info
[0.454s] removing '/home/suyash/vn100_reader/install/vn100_reader/lib/python3.10/site-packages/vn100_reader-0.0.1-py3.10.egg-info' (and everything under it)
[0.454s] Copying ../build/vn100_reader/vn100_reader.egg-info to /home/suyash/vn100_reader/install/vn100_reader/lib/python3.10/site-packages/vn100_reader-0.0.1-py3.10.egg-info
[0.454s] running install_scripts
[0.467s] Installing vn100_ypr_node script to /home/suyash/vn100_reader/install/vn100_reader/lib/vn100_reader
[0.468s] writing list of installed files to '/home/suyash/vn100_reader/build/vn100_reader/install.log'
[0.483s] Invoked command in '/home/suyash/vn100_reader/src' returned '0': PYTHONPATH=/home/suyash/vn100_reader/build/vn100_reader/prefix_override:/usr/lib/python3/dist-packages/colcon_core/task/python/colcon_distutils_commands:/home/suyash/vn100_reader/install/vn100_reader/lib/python3.10/site-packages:${PYTHONPATH} /usr/bin/python3 -W ignore:setup.py install is deprecated -W ignore:easy_install command is deprecated setup.py egg_info --egg-base ../build/vn100_reader build --build-base /home/suyash/vn100_reader/build/vn100_reader/build install --record /home/suyash/vn100_reader/build/vn100_reader/install.log --single-version-externally-managed install_data
